<?xml version="1.0" encoding="UTF-8"?>
<!-- Generated by org.testng.reporters.JUnitReportReporter -->
<testsuite hostname="PRACTIAARNB1518" failures="0" tests="1" name="eCommerceApp.eCommerce_ComparePrice" time="15.379" errors="0" timestamp="23 sep. 2022 15:27:13 GMT" skipped="0">
  <testcase classname="eCommerceApp.eCommerce_ComparePrice" name="FillForm" time="15.379"/>
</testsuite> <!-- eCommerceApp.eCommerce_ComparePrice -->
