<?xml version="1.0" encoding="UTF-8"?>
<!-- Generated by org.testng.reporters.JUnitReportReporter -->
<testsuite hostname="PRACTIAARNB1518" failures="0" tests="1" name="AutomationMobileProject.Appium.eCommerce_AddToCart" time="22.889" errors="0" timestamp="23 sep. 2022 03:57:45 GMT" skipped="0">
  <testcase classname="AutomationMobileProject.Appium.eCommerce_AddToCart" name="AddToCart" time="22.889"/>
</testsuite> <!-- AutomationMobileProject.Appium.eCommerce_AddToCart -->
