<?xml version="1.0" encoding="UTF-8"?>
<!-- Generated by org.testng.reporters.JUnitReportReporter -->
<testsuite hostname="PRACTIAARNB1518" failures="0" tests="1" name="AutomationMobileProject.Appium.DragAndDropDemo" time="5.967" errors="0" timestamp="01 sep. 2022 06:10:25 GMT" skipped="0">
  <testcase classname="AutomationMobileProject.Appium.DragAndDropDemo" name="DragDropTest" time="5.967"/>
</testsuite> <!-- AutomationMobileProject.Appium.DragAndDropDemo -->
