<?xml version="1.0" encoding="UTF-8"?>
<!-- Generated by org.testng.reporters.JUnitReportReporter -->
<testsuite hostname="PRACTIAARNB1518" failures="0" tests="1" name="AutomationMobileProject.Appium.AppiumBasics" time="7.209" errors="0" timestamp="23 ago. 2022 04:50:23 GMT" skipped="0">
  <testcase classname="AutomationMobileProject.Appium.AppiumBasics" name="WiFiSettingsName" time="7.209"/>
</testsuite> <!-- AutomationMobileProject.Appium.AppiumBasics -->
