<?xml version="1.0" encoding="UTF-8"?>
<!-- Generated by org.testng.reporters.JUnitReportReporter -->
<testsuite hostname="PRACTIAARNB1518" failures="0" tests="1" name="AutomationMobileProject.Appium.SwipeDemo" time="5.099" errors="0" timestamp="30 ago. 2022 03:48:45 GMT" skipped="0">
  <testcase classname="AutomationMobileProject.Appium.SwipeDemo" name="SwipeDemoTest" time="5.099"/>
</testsuite> <!-- AutomationMobileProject.Appium.SwipeDemo -->
