<?xml version="1.0" encoding="UTF-8"?>
<!-- Generated by org.testng.reporters.JUnitReportReporter -->
<testsuite hostname="PRACTIAARNB1518" failures="0" tests="1" name="AutomationMobileProject.Appium.MiscellaneousAppiumActions" time="9.888" errors="0" timestamp="03 sep. 2022 05:46:41 GMT" skipped="0">
  <testcase classname="AutomationMobileProject.Appium.MiscellaneousAppiumActions" name="Miscellaneous" time="9.888"/>
</testsuite> <!-- AutomationMobileProject.Appium.MiscellaneousAppiumActions -->
