<?xml version="1.0" encoding="UTF-8"?>
<!-- Generated by org.testng.reporters.JUnitReportReporter -->
<testsuite hostname="PRACTIAARNB1518" failures="0" tests="1" name="AutomationMobileProject.Appium.eCommerce_errorMesageToast" time="14.719" errors="0" timestamp="23 sep. 2022 03:25:59 GMT" skipped="0">
  <testcase classname="AutomationMobileProject.Appium.eCommerce_errorMesageToast" name="FillForm" time="14.719"/>
</testsuite> <!-- AutomationMobileProject.Appium.eCommerce_errorMesageToast -->
